[16-Mar-2026 20:13:09 UTC] PHP Deprecated:  Creation of dynamic property xili_language::$locale_method is deprecated in C:\Users\alimost\Local Sites\elena\app\public\wp-content\plugins\xili-language\xili-language.php on line 288
[16-Mar-2026 20:13:09 UTC] PHP Deprecated:  Creation of dynamic property xili_language::$class_admin is deprecated in C:\Users\alimost\Local Sites\elena\app\public\wp-content\plugins\xili-language\xili-language.php on line 290
[16-Mar-2026 20:13:10 UTC] PHP Deprecated:  Creation of dynamic property xili_language::$get_template_directory is deprecated in C:\Users\alimost\Local Sites\elena\app\public\wp-content\plugins\xili-language\xili-language.php on line 906
[16-Mar-2026 20:13:10 UTC] PHP Deprecated:  Creation of dynamic property xili_language::$get_parent_theme_directory is deprecated in C:\Users\alimost\Local Sites\elena\app\public\wp-content\plugins\xili-language\xili-language.php on line 907
[16-Mar-2026 20:13:13 UTC] PHP Deprecated:  Creation of dynamic property xili_language::$locale_method is deprecated in C:\Users\alimost\Local Sites\elena\app\public\wp-content\plugins\xili-language\xili-language.php on line 288
[16-Mar-2026 20:13:13 UTC] PHP Deprecated:  Creation of dynamic property xili_language::$class_admin is deprecated in C:\Users\alimost\Local Sites\elena\app\public\wp-content\plugins\xili-language\xili-language.php on line 290
[16-Mar-2026 20:13:13 UTC] PHP Deprecated:  Creation of dynamic property xili_language::$get_template_directory is deprecated in C:\Users\alimost\Local Sites\elena\app\public\wp-content\plugins\xili-language\xili-language.php on line 906
[16-Mar-2026 20:13:13 UTC] PHP Deprecated:  Creation of dynamic property xili_language::$get_parent_theme_directory is deprecated in C:\Users\alimost\Local Sites\elena\app\public\wp-content\plugins\xili-language\xili-language.php on line 907
[16-Mar-2026 20:14:17 UTC] PHP Deprecated:  Creation of dynamic property xili_language::$locale_method is deprecated in C:\Users\alimost\Local Sites\elena\app\public\wp-content\plugins\xili-language\xili-language.php on line 288
[16-Mar-2026 20:14:18 UTC] PHP Deprecated:  Creation of dynamic property xili_language::$class_admin is deprecated in C:\Users\alimost\Local Sites\elena\app\public\wp-content\plugins\xili-language\xili-language.php on line 290
[16-Mar-2026 20:14:18 UTC] PHP Deprecated:  Creation of dynamic property xili_language::$get_template_directory is deprecated in C:\Users\alimost\Local Sites\elena\app\public\wp-content\plugins\xili-language\xili-language.php on line 906
[16-Mar-2026 20:14:18 UTC] PHP Deprecated:  Creation of dynamic property xili_language::$get_parent_theme_directory is deprecated in C:\Users\alimost\Local Sites\elena\app\public\wp-content\plugins\xili-language\xili-language.php on line 907
[16-Mar-2026 20:14:20 UTC] PHP Deprecated:  Creation of dynamic property xili_language::$locale_method is deprecated in C:\Users\alimost\Local Sites\elena\app\public\wp-content\plugins\xili-language\xili-language.php on line 288
[16-Mar-2026 20:14:20 UTC] PHP Deprecated:  Creation of dynamic property xili_language::$class_admin is deprecated in C:\Users\alimost\Local Sites\elena\app\public\wp-content\plugins\xili-language\xili-language.php on line 290
[16-Mar-2026 20:14:21 UTC] PHP Deprecated:  Creation of dynamic property xili_language::$get_template_directory is deprecated in C:\Users\alimost\Local Sites\elena\app\public\wp-content\plugins\xili-language\xili-language.php on line 906
[16-Mar-2026 20:14:21 UTC] PHP Deprecated:  Creation of dynamic property xili_language::$get_parent_theme_directory is deprecated in C:\Users\alimost\Local Sites\elena\app\public\wp-content\plugins\xili-language\xili-language.php on line 907
[16-Mar-2026 20:14:59 UTC] PHP Deprecated:  Creation of dynamic property xili_language::$locale_method is deprecated in C:\Users\alimost\Local Sites\elena\app\public\wp-content\plugins\xili-language\xili-language.php on line 288
[16-Mar-2026 20:14:59 UTC] PHP Deprecated:  Creation of dynamic property xili_language::$class_admin is deprecated in C:\Users\alimost\Local Sites\elena\app\public\wp-content\plugins\xili-language\xili-language.php on line 290
[16-Mar-2026 20:14:59 UTC] PHP Deprecated:  Creation of dynamic property xili_language::$get_template_directory is deprecated in C:\Users\alimost\Local Sites\elena\app\public\wp-content\plugins\xili-language\xili-language.php on line 906
[16-Mar-2026 20:14:59 UTC] PHP Deprecated:  Creation of dynamic property xili_language::$get_parent_theme_directory is deprecated in C:\Users\alimost\Local Sites\elena\app\public\wp-content\plugins\xili-language\xili-language.php on line 907
[16-Mar-2026 20:15:12 UTC] PHP Deprecated:  Creation of dynamic property xili_language::$locale_method is deprecated in C:\Users\alimost\Local Sites\elena\app\public\wp-content\plugins\xili-language\xili-language.php on line 288
[16-Mar-2026 20:15:12 UTC] PHP Deprecated:  Creation of dynamic property xili_language::$class_admin is deprecated in C:\Users\alimost\Local Sites\elena\app\public\wp-content\plugins\xili-language\xili-language.php on line 290
[16-Mar-2026 20:15:13 UTC] PHP Deprecated:  Creation of dynamic property xili_language::$get_template_directory is deprecated in C:\Users\alimost\Local Sites\elena\app\public\wp-content\plugins\xili-language\xili-language.php on line 906
[16-Mar-2026 20:15:13 UTC] PHP Deprecated:  Creation of dynamic property xili_language::$get_parent_theme_directory is deprecated in C:\Users\alimost\Local Sites\elena\app\public\wp-content\plugins\xili-language\xili-language.php on line 907
[16-Mar-2026 20:15:14 UTC] PHP Deprecated:  Creation of dynamic property xili_language::$locale_method is deprecated in C:\Users\alimost\Local Sites\elena\app\public\wp-content\plugins\xili-language\xili-language.php on line 288
[16-Mar-2026 20:15:14 UTC] PHP Deprecated:  Creation of dynamic property xili_language::$class_admin is deprecated in C:\Users\alimost\Local Sites\elena\app\public\wp-content\plugins\xili-language\xili-language.php on line 290
[16-Mar-2026 20:15:14 UTC] PHP Deprecated:  Creation of dynamic property xili_language::$get_template_directory is deprecated in C:\Users\alimost\Local Sites\elena\app\public\wp-content\plugins\xili-language\xili-language.php on line 906
[16-Mar-2026 20:15:14 UTC] PHP Deprecated:  Creation of dynamic property xili_language::$get_parent_theme_directory is deprecated in C:\Users\alimost\Local Sites\elena\app\public\wp-content\plugins\xili-language\xili-language.php on line 907
[16-Mar-2026 20:15:24 UTC] PHP Deprecated:  Creation of dynamic property xili_language::$locale_method is deprecated in C:\Users\alimost\Local Sites\elena\app\public\wp-content\plugins\xili-language\xili-language.php on line 288
[16-Mar-2026 20:15:24 UTC] PHP Deprecated:  Creation of dynamic property xili_language::$class_admin is deprecated in C:\Users\alimost\Local Sites\elena\app\public\wp-content\plugins\xili-language\xili-language.php on line 290
[16-Mar-2026 20:15:25 UTC] PHP Deprecated:  Creation of dynamic property xili_language::$get_template_directory is deprecated in C:\Users\alimost\Local Sites\elena\app\public\wp-content\plugins\xili-language\xili-language.php on line 906
[16-Mar-2026 20:15:25 UTC] PHP Deprecated:  Creation of dynamic property xili_language::$get_parent_theme_directory is deprecated in C:\Users\alimost\Local Sites\elena\app\public\wp-content\plugins\xili-language\xili-language.php on line 907
[16-Mar-2026 20:15:39 UTC] PHP Deprecated:  Creation of dynamic property xili_language::$locale_method is deprecated in C:\Users\alimost\Local Sites\elena\app\public\wp-content\plugins\xili-language\xili-language.php on line 288
[16-Mar-2026 20:15:39 UTC] PHP Deprecated:  Creation of dynamic property xili_language::$class_admin is deprecated in C:\Users\alimost\Local Sites\elena\app\public\wp-content\plugins\xili-language\xili-language.php on line 290
[16-Mar-2026 20:15:39 UTC] PHP Deprecated:  Creation of dynamic property xili_language::$get_template_directory is deprecated in C:\Users\alimost\Local Sites\elena\app\public\wp-content\plugins\xili-language\xili-language.php on line 906
[16-Mar-2026 20:15:39 UTC] PHP Deprecated:  Creation of dynamic property xili_language::$get_parent_theme_directory is deprecated in C:\Users\alimost\Local Sites\elena\app\public\wp-content\plugins\xili-language\xili-language.php on line 907
[16-Mar-2026 20:16:04 UTC] PHP Deprecated:  Creation of dynamic property xili_language::$locale_method is deprecated in C:\Users\alimost\Local Sites\elena\app\public\wp-content\plugins\xili-language\xili-language.php on line 288
[16-Mar-2026 20:16:04 UTC] PHP Deprecated:  Creation of dynamic property xili_language::$class_admin is deprecated in C:\Users\alimost\Local Sites\elena\app\public\wp-content\plugins\xili-language\xili-language.php on line 290
[16-Mar-2026 20:16:04 UTC] PHP Deprecated:  Optional parameter $found_action declared before required parameter $post_label is implicitly treated as a required parameter in C:\Users\alimost\Local Sites\elena\app\public\wp-content\plugins\xili-language\xili-includes\xl-class-admin.php on line 5456
[16-Mar-2026 20:16:04 UTC] PHP Deprecated:  Optional parameter $locale declared before required parameter $version is implicitly treated as a required parameter in C:\Users\alimost\Local Sites\elena\app\public\wp-content\plugins\xili-language\xili-includes\xl-class-admin.php on line 6875
[16-Mar-2026 20:16:04 UTC] PHP Deprecated:  Optional parameter $locale declared before required parameter $version is implicitly treated as a required parameter in C:\Users\alimost\Local Sites\elena\app\public\wp-content\plugins\xili-language\xili-includes\xl-class-admin.php on line 6951
[16-Mar-2026 20:16:04 UTC] PHP Deprecated:  Creation of dynamic property xili_language_admin::$locale_method is deprecated in C:\Users\alimost\Local Sites\elena\app\public\wp-content\plugins\xili-language\xili-language.php on line 288
[16-Mar-2026 20:16:04 UTC] PHP Deprecated:  Creation of dynamic property xili_language_admin::$class_admin is deprecated in C:\Users\alimost\Local Sites\elena\app\public\wp-content\plugins\xili-language\xili-language.php on line 290
[16-Mar-2026 20:16:04 UTC] PHP Deprecated:  Creation of dynamic property xili_language_admin::$examples_list is deprecated in C:\Users\alimost\Local Sites\elena\app\public\wp-content\plugins\xili-language\xili-includes\xl-class-admin.php on line 115
[16-Mar-2026 20:16:04 UTC] PHP Deprecated:  Creation of dynamic property xili_language::$get_template_directory is deprecated in C:\Users\alimost\Local Sites\elena\app\public\wp-content\plugins\xili-language\xili-includes\xl-class-admin.php on line 132
[16-Mar-2026 20:16:04 UTC] PHP Deprecated:  Creation of dynamic property xili_language_admin::$get_template_directory is deprecated in C:\Users\alimost\Local Sites\elena\app\public\wp-content\plugins\xili-language\xili-includes\xl-class-admin.php on line 132
[16-Mar-2026 20:16:04 UTC] PHP Deprecated:  Creation of dynamic property xili_language::$get_parent_theme_directory is deprecated in C:\Users\alimost\Local Sites\elena\app\public\wp-content\plugins\xili-language\xili-includes\xl-class-admin.php on line 133
[16-Mar-2026 20:16:04 UTC] PHP Deprecated:  Creation of dynamic property xili_language_admin::$get_parent_theme_directory is deprecated in C:\Users\alimost\Local Sites\elena\app\public\wp-content\plugins\xili-language\xili-includes\xl-class-admin.php on line 133
[16-Mar-2026 20:16:29 UTC] PHP Deprecated:  Creation of dynamic property xili_language_admin::$thehook is deprecated in C:\Users\alimost\Local Sites\elena\app\public\wp-content\plugins\xili-language\xili-includes\xl-class-admin.php on line 976
[16-Mar-2026 20:16:29 UTC] PHP Deprecated:  Creation of dynamic property xili_language_admin::$thehook2 is deprecated in C:\Users\alimost\Local Sites\elena\app\public\wp-content\plugins\xili-language\xili-includes\xl-class-admin.php on line 998
[16-Mar-2026 20:16:29 UTC] PHP Deprecated:  Creation of dynamic property xili_language_admin::$thehook4 is deprecated in C:\Users\alimost\Local Sites\elena\app\public\wp-content\plugins\xili-language\xili-includes\xl-class-admin.php on line 1002
[16-Mar-2026 20:16:29 UTC] PHP Deprecated:  Creation of dynamic property xili_language_admin::$thehook5 is deprecated in C:\Users\alimost\Local Sites\elena\app\public\wp-content\plugins\xili-language\xili-includes\xl-class-admin.php on line 1006
[16-Mar-2026 20:16:29 UTC] PHP Deprecated:  Creation of dynamic property xili_language_admin::$thehook6 is deprecated in C:\Users\alimost\Local Sites\elena\app\public\wp-content\plugins\xili-language\xili-includes\xl-class-admin.php on line 1011
[16-Mar-2026 20:16:29 UTC] PHP Deprecated:  Creation of dynamic property xili_language_admin::$thehook3 is deprecated in C:\Users\alimost\Local Sites\elena\app\public\wp-content\plugins\xili-language\xili-includes\xl-class-admin.php on line 1015
[16-Mar-2026 20:16:34 UTC] PHP Notice:  tk_ai cookie cannot be set - headers already sent by C:\Users\alimost\Local Sites\elena\app\public\wp-content\plugins\xili-language\xili-includes\xl-class-admin.php on line 1006 in C:\Users\alimost\Local Sites\elena\app\public\wp-content\plugins\woocommerce\includes\wc-core-functions.php on line 975
[16-Mar-2026 20:16:35 UTC] PHP Warning:  Cannot modify header information - headers already sent by (output started at C:\Users\alimost\Local Sites\elena\app\public\wp-content\plugins\xili-language\xili-includes\xl-class-admin.php:1006) in C:\Users\alimost\Local Sites\elena\app\public\wp-includes\functions.php on line 7182
[16-Mar-2026 20:16:39 UTC] PHP Warning:  Cannot modify header information - headers already sent by (output started at C:\Users\alimost\Local Sites\elena\app\public\wp-content\plugins\xili-language\xili-includes\xl-class-admin.php:1006) in C:\Users\alimost\Local Sites\elena\app\public\wp-admin\admin-header.php on line 14
[16-Mar-2026 20:16:44 UTC] PHP Deprecated:  Hook contextual_help is <strong>deprecated</strong> since version 3.3.0! Use get_current_screen()-&gt;add_help_tab(), get_current_screen()-&gt;remove_help_tab() instead. in C:\Users\alimost\Local Sites\elena\app\public\wp-includes\functions.php on line 6131
[16-Mar-2026 20:17:10 UTC] PHP Deprecated:  Creation of dynamic property xili_language::$locale_method is deprecated in C:\Users\alimost\Local Sites\elena\app\public\wp-content\plugins\xili-language\xili-language.php on line 288
[16-Mar-2026 20:17:10 UTC] PHP Deprecated:  Creation of dynamic property xili_language::$class_admin is deprecated in C:\Users\alimost\Local Sites\elena\app\public\wp-content\plugins\xili-language\xili-language.php on line 290
[16-Mar-2026 20:17:10 UTC] PHP Deprecated:  Creation of dynamic property xili_language::$get_template_directory is deprecated in C:\Users\alimost\Local Sites\elena\app\public\wp-content\plugins\xili-language\xili-language.php on line 906
[16-Mar-2026 20:17:10 UTC] PHP Deprecated:  Creation of dynamic property xili_language::$get_parent_theme_directory is deprecated in C:\Users\alimost\Local Sites\elena\app\public\wp-content\plugins\xili-language\xili-language.php on line 907
[16-Mar-2026 20:17:20 UTC] PHP Deprecated:  Creation of dynamic property xili_language::$locale_method is deprecated in C:\Users\alimost\Local Sites\elena\app\public\wp-content\plugins\xili-language\xili-language.php on line 288
[16-Mar-2026 20:17:20 UTC] PHP Deprecated:  Creation of dynamic property xili_language::$class_admin is deprecated in C:\Users\alimost\Local Sites\elena\app\public\wp-content\plugins\xili-language\xili-language.php on line 290
[16-Mar-2026 20:17:20 UTC] PHP Deprecated:  Creation of dynamic property xili_language_admin::$locale_method is deprecated in C:\Users\alimost\Local Sites\elena\app\public\wp-content\plugins\xili-language\xili-language.php on line 288
[16-Mar-2026 20:17:20 UTC] PHP Deprecated:  Creation of dynamic property xili_language_admin::$class_admin is deprecated in C:\Users\alimost\Local Sites\elena\app\public\wp-content\plugins\xili-language\xili-language.php on line 290
[16-Mar-2026 20:17:20 UTC] PHP Deprecated:  Creation of dynamic property xili_language_admin::$examples_list is deprecated in C:\Users\alimost\Local Sites\elena\app\public\wp-content\plugins\xili-language\xili-includes\xl-class-admin.php on line 115
[16-Mar-2026 20:17:20 UTC] PHP Deprecated:  Creation of dynamic property xili_language::$get_template_directory is deprecated in C:\Users\alimost\Local Sites\elena\app\public\wp-content\plugins\xili-language\xili-includes\xl-class-admin.php on line 132
[16-Mar-2026 20:17:20 UTC] PHP Deprecated:  Creation of dynamic property xili_language_admin::$get_template_directory is deprecated in C:\Users\alimost\Local Sites\elena\app\public\wp-content\plugins\xili-language\xili-includes\xl-class-admin.php on line 132
[16-Mar-2026 20:17:20 UTC] PHP Deprecated:  Creation of dynamic property xili_language::$get_parent_theme_directory is deprecated in C:\Users\alimost\Local Sites\elena\app\public\wp-content\plugins\xili-language\xili-includes\xl-class-admin.php on line 133
[16-Mar-2026 20:17:20 UTC] PHP Deprecated:  Creation of dynamic property xili_language_admin::$get_parent_theme_directory is deprecated in C:\Users\alimost\Local Sites\elena\app\public\wp-content\plugins\xili-language\xili-includes\xl-class-admin.php on line 133
[16-Mar-2026 20:17:38 UTC] PHP Deprecated:  Creation of dynamic property xili_language::$locale_method is deprecated in C:\Users\alimost\Local Sites\elena\app\public\wp-content\plugins\xili-language\xili-language.php on line 288
[16-Mar-2026 20:17:38 UTC] PHP Deprecated:  Creation of dynamic property xili_language::$class_admin is deprecated in C:\Users\alimost\Local Sites\elena\app\public\wp-content\plugins\xili-language\xili-language.php on line 290
[16-Mar-2026 20:17:38 UTC] PHP Deprecated:  Creation of dynamic property xili_language::$get_template_directory is deprecated in C:\Users\alimost\Local Sites\elena\app\public\wp-content\plugins\xili-language\xili-language.php on line 906
[16-Mar-2026 20:17:38 UTC] PHP Deprecated:  Creation of dynamic property xili_language::$get_parent_theme_directory is deprecated in C:\Users\alimost\Local Sites\elena\app\public\wp-content\plugins\xili-language\xili-language.php on line 907
[16-Mar-2026 20:17:58 UTC] PHP Deprecated:  Creation of dynamic property xili_language::$locale_method is deprecated in C:\Users\alimost\Local Sites\elena\app\public\wp-content\plugins\xili-language\xili-language.php on line 288
[16-Mar-2026 20:17:58 UTC] PHP Deprecated:  Creation of dynamic property xili_language::$class_admin is deprecated in C:\Users\alimost\Local Sites\elena\app\public\wp-content\plugins\xili-language\xili-language.php on line 290
[16-Mar-2026 20:17:58 UTC] PHP Deprecated:  Creation of dynamic property xili_language::$get_template_directory is deprecated in C:\Users\alimost\Local Sites\elena\app\public\wp-content\plugins\xili-language\xili-language.php on line 906
[16-Mar-2026 20:17:58 UTC] PHP Deprecated:  Creation of dynamic property xili_language::$get_parent_theme_directory is deprecated in C:\Users\alimost\Local Sites\elena\app\public\wp-content\plugins\xili-language\xili-language.php on line 907
[16-Mar-2026 20:18:09 UTC] PHP Deprecated:  Creation of dynamic property xili_language::$locale_method is deprecated in C:\Users\alimost\Local Sites\elena\app\public\wp-content\plugins\xili-language\xili-language.php on line 288
[16-Mar-2026 20:18:09 UTC] PHP Deprecated:  Creation of dynamic property xili_language::$class_admin is deprecated in C:\Users\alimost\Local Sites\elena\app\public\wp-content\plugins\xili-language\xili-language.php on line 290
[16-Mar-2026 20:18:09 UTC] PHP Deprecated:  Creation of dynamic property xili_language_admin::$locale_method is deprecated in C:\Users\alimost\Local Sites\elena\app\public\wp-content\plugins\xili-language\xili-language.php on line 288
[16-Mar-2026 20:18:09 UTC] PHP Deprecated:  Creation of dynamic property xili_language_admin::$class_admin is deprecated in C:\Users\alimost\Local Sites\elena\app\public\wp-content\plugins\xili-language\xili-language.php on line 290
[16-Mar-2026 20:18:09 UTC] PHP Deprecated:  Creation of dynamic property xili_language_admin::$examples_list is deprecated in C:\Users\alimost\Local Sites\elena\app\public\wp-content\plugins\xili-language\xili-includes\xl-class-admin.php on line 115
[16-Mar-2026 20:18:09 UTC] PHP Deprecated:  Creation of dynamic property xili_language::$get_template_directory is deprecated in C:\Users\alimost\Local Sites\elena\app\public\wp-content\plugins\xili-language\xili-includes\xl-class-admin.php on line 132
[16-Mar-2026 20:18:09 UTC] PHP Deprecated:  Creation of dynamic property xili_language_admin::$get_template_directory is deprecated in C:\Users\alimost\Local Sites\elena\app\public\wp-content\plugins\xili-language\xili-includes\xl-class-admin.php on line 132
[16-Mar-2026 20:18:09 UTC] PHP Deprecated:  Creation of dynamic property xili_language::$get_parent_theme_directory is deprecated in C:\Users\alimost\Local Sites\elena\app\public\wp-content\plugins\xili-language\xili-includes\xl-class-admin.php on line 133
[16-Mar-2026 20:18:09 UTC] PHP Deprecated:  Creation of dynamic property xili_language_admin::$get_parent_theme_directory is deprecated in C:\Users\alimost\Local Sites\elena\app\public\wp-content\plugins\xili-language\xili-includes\xl-class-admin.php on line 133
[16-Mar-2026 20:18:10 UTC] PHP Deprecated:  Creation of dynamic property xili_language_admin::$thehook is deprecated in C:\Users\alimost\Local Sites\elena\app\public\wp-content\plugins\xili-language\xili-includes\xl-class-admin.php on line 976
[16-Mar-2026 20:18:10 UTC] PHP Deprecated:  Creation of dynamic property xili_language_admin::$thehook2 is deprecated in C:\Users\alimost\Local Sites\elena\app\public\wp-content\plugins\xili-language\xili-includes\xl-class-admin.php on line 998
[16-Mar-2026 20:18:10 UTC] PHP Deprecated:  Creation of dynamic property xili_language_admin::$thehook4 is deprecated in C:\Users\alimost\Local Sites\elena\app\public\wp-content\plugins\xili-language\xili-includes\xl-class-admin.php on line 1002
[16-Mar-2026 20:18:10 UTC] PHP Deprecated:  Creation of dynamic property xili_language_admin::$thehook5 is deprecated in C:\Users\alimost\Local Sites\elena\app\public\wp-content\plugins\xili-language\xili-includes\xl-class-admin.php on line 1006
[16-Mar-2026 20:18:10 UTC] PHP Deprecated:  Creation of dynamic property xili_language_admin::$thehook6 is deprecated in C:\Users\alimost\Local Sites\elena\app\public\wp-content\plugins\xili-language\xili-includes\xl-class-admin.php on line 1011
[16-Mar-2026 20:18:10 UTC] PHP Deprecated:  Creation of dynamic property xili_language_admin::$thehook3 is deprecated in C:\Users\alimost\Local Sites\elena\app\public\wp-content\plugins\xili-language\xili-includes\xl-class-admin.php on line 1015
[16-Mar-2026 20:18:22 UTC] PHP Deprecated:  Hook contextual_help is <strong>deprecated</strong> since version 3.3.0! Use get_current_screen()-&gt;add_help_tab(), get_current_screen()-&gt;remove_help_tab() instead. in C:\Users\alimost\Local Sites\elena\app\public\wp-includes\functions.php on line 6131
[16-Mar-2026 20:18:32 UTC] PHP Deprecated:  Creation of dynamic property xili_language::$locale_method is deprecated in C:\Users\alimost\Local Sites\elena\app\public\wp-content\plugins\xili-language\xili-language.php on line 288
[16-Mar-2026 20:18:32 UTC] PHP Deprecated:  Creation of dynamic property xili_language::$class_admin is deprecated in C:\Users\alimost\Local Sites\elena\app\public\wp-content\plugins\xili-language\xili-language.php on line 290
[16-Mar-2026 20:18:32 UTC] PHP Deprecated:  Creation of dynamic property xili_language::$get_template_directory is deprecated in C:\Users\alimost\Local Sites\elena\app\public\wp-content\plugins\xili-language\xili-language.php on line 906
[16-Mar-2026 20:18:32 UTC] PHP Deprecated:  Creation of dynamic property xili_language::$get_parent_theme_directory is deprecated in C:\Users\alimost\Local Sites\elena\app\public\wp-content\plugins\xili-language\xili-language.php on line 907
[16-Mar-2026 20:19:38 UTC] PHP Deprecated:  Optional parameter $from_post_title declared before required parameter $from_post_ID is implicitly treated as a required parameter in C:\Users\alimost\Local Sites\elena\app\public\wp-content\plugins\xili-language\xili-language.php on line 1281
[16-Mar-2026 20:19:38 UTC] PHP Deprecated:  Optional parameter $frompostlang declared before required parameter $from_post_ID is implicitly treated as a required parameter in C:\Users\alimost\Local Sites\elena\app\public\wp-content\plugins\xili-language\xili-language.php on line 1281
[16-Mar-2026 20:19:38 UTC] PHP Deprecated:  Creation of dynamic property xili_language_admin::$examples_list is deprecated in C:\Users\alimost\Local Sites\elena\app\public\wp-content\plugins\xili-language\xili-includes\xl-class-admin.php on line 115
[16-Mar-2026 20:20:39 UTC] PHP Deprecated:  Creation of dynamic property xili_language_admin::$examples_list is deprecated in C:\Users\alimost\Local Sites\elena\app\public\wp-content\plugins\xili-language\xili-includes\xl-class-admin.php on line 115
[16-Mar-2026 20:21:39 UTC] PHP Deprecated:  Creation of dynamic property xili_language_admin::$examples_list is deprecated in C:\Users\alimost\Local Sites\elena\app\public\wp-content\plugins\xili-language\xili-includes\xl-class-admin.php on line 115
[16-Mar-2026 20:22:39 UTC] PHP Deprecated:  Creation of dynamic property xili_language_admin::$examples_list is deprecated in C:\Users\alimost\Local Sites\elena\app\public\wp-content\plugins\xili-language\xili-includes\xl-class-admin.php on line 115
[16-Mar-2026 20:23:48 UTC] PHP Deprecated:  Hook contextual_help is <strong>deprecated</strong> since version 3.3.0! Use get_current_screen()-&gt;add_help_tab(), get_current_screen()-&gt;remove_help_tab() instead. in C:\Users\alimost\Local Sites\elena\app\public\wp-includes\functions.php on line 6131
[16-Mar-2026 20:24:14 UTC] PHP Deprecated:  Hook contextual_help is <strong>deprecated</strong> since version 3.3.0! Use get_current_screen()-&gt;add_help_tab(), get_current_screen()-&gt;remove_help_tab() instead. in C:\Users\alimost\Local Sites\elena\app\public\wp-includes\functions.php on line 6131
[16-Mar-2026 20:24:58 UTC] PHP Deprecated:  Hook contextual_help is <strong>deprecated</strong> since version 3.3.0! Use get_current_screen()-&gt;add_help_tab(), get_current_screen()-&gt;remove_help_tab() instead. in C:\Users\alimost\Local Sites\elena\app\public\wp-includes\functions.php on line 6131
[16-Mar-2026 20:25:24 UTC] PHP Deprecated:  Hook contextual_help is <strong>deprecated</strong> since version 3.3.0! Use get_current_screen()-&gt;add_help_tab(), get_current_screen()-&gt;remove_help_tab() instead. in C:\Users\alimost\Local Sites\elena\app\public\wp-includes\functions.php on line 6131
[16-Mar-2026 20:25:24 UTC] PHP Warning:  Trying to access array offset on value of type bool in C:\Users\alimost\Local Sites\elena\app\public\wp-content\plugins\xili-language\xili-includes\xl-class-admin.php on line 6129
[16-Mar-2026 20:25:24 UTC] PHP Warning:  Trying to access array offset on value of type bool in C:\Users\alimost\Local Sites\elena\app\public\wp-content\plugins\xili-language\xili-includes\xl-class-admin.php on line 6129
[16-Mar-2026 20:25:24 UTC] PHP Warning:  Trying to access array offset on value of type bool in C:\Users\alimost\Local Sites\elena\app\public\wp-content\plugins\xili-language\xili-includes\xl-class-admin.php on line 6129
[16-Mar-2026 20:32:10 UTC] PHP Warning:  translations_api(): An unexpected error occurred. Something may be wrong with WordPress.org or this server&#8217;s configuration. If you continue to have problems, please try the <a href="https://wordpress.org/support/forums/">support forums</a>. (WordPress could not establish a secure connection to WordPress.org. Please contact your server administrator.) in C:\Users\alimost\Local Sites\elena\app\public\wp-includes\functions.php on line 6131
[16-Mar-2026 20:32:43 UTC] PHP Deprecated:  Hook contextual_help is <strong>deprecated</strong> since version 3.3.0! Use get_current_screen()-&gt;add_help_tab(), get_current_screen()-&gt;remove_help_tab() instead. in C:\Users\alimost\Local Sites\elena\app\public\wp-includes\functions.php on line 6131
[16-Mar-2026 20:32:48 UTC] PHP Deprecated:  Hook contextual_help is <strong>deprecated</strong> since version 3.3.0! Use get_current_screen()-&gt;add_help_tab(), get_current_screen()-&gt;remove_help_tab() instead. in C:\Users\alimost\Local Sites\elena\app\public\wp-includes\functions.php on line 6131
[16-Mar-2026 20:33:16 UTC] PHP Deprecated:  Hook contextual_help is <strong>deprecated</strong> since version 3.3.0! Use get_current_screen()-&gt;add_help_tab(), get_current_screen()-&gt;remove_help_tab() instead. in C:\Users\alimost\Local Sites\elena\app\public\wp-includes\functions.php on line 6131
